\BOOKMARK [0][-]{chapter.1}{\376\377\000I\000n\000t\000r\000o\000d\000u\000c\000t\000i\000o\000n}{}% 1
\BOOKMARK [0][-]{chapter.2}{\376\377\000N\000e\000u\000t\000r\000i\000n\000o\000s\000\040\000a\000n\000d\000\040\000t\000h\000e\000\040\000L\000a\000r\000g\000e\000\040\000S\000c\000a\000l\000e\000\040\000S\000t\000r\000u\000c\000t\000u\000r\000e}{}% 2
\BOOKMARK [1][-]{section.2.1}{\376\377\000M\000a\000s\000s\000i\000v\000e\000\040\000N\000e\000u\000t\000r\000i\000n\000o\000s}{chapter.2}% 3
\BOOKMARK [1][-]{section.2.2}{\376\377\000M\000a\000s\000s\000l\000e\000s\000s\000\040\000N\000e\000u\000t\000r\000i\000n\000o\000s}{chapter.2}% 4
\BOOKMARK [0][-]{chapter.3}{\376\377\000T\000h\000e\000\040\000N\000o\000n\000l\000i\000n\000e\000a\000r\000\040\000M\000a\000t\000t\000e\000r\000\040\000P\000o\000w\000e\000r\000\040\000S\000p\000e\000c\000t\000r\000u\000m}{}% 5
\BOOKMARK [1][-]{section.3.1}{\376\377\000T\000h\000e\000\040\000H\000a\000l\000o\000\040\000M\000o\000d\000e\000l}{chapter.3}% 6
\BOOKMARK [1][-]{section.3.2}{\376\377\000T\000h\000e\000\040\000H\000M\000C\000O\000D\000E\000\040\000I\000m\000p\000l\000e\000m\000e\000n\000t\000a\000t\000i\000o\000n}{chapter.3}% 7
\BOOKMARK [0][-]{chapter.4}{\376\377\000T\000h\000e\000\040\000S\000p\000e\000c\000t\000r\000o\000s\000c\000o\000p\000i\000c\000\040\000P\000r\000o\000b\000e}{}% 8
\BOOKMARK [1][-]{section.4.1}{\376\377\000E\000x\000t\000r\000a\000c\000t\000i\000n\000g\000\040\000t\000h\000e\000\040\000P\000o\000w\000e\000r\000\040\000S\000p\000e\000c\000t\000r\000u\000m\000\040\000f\000r\000o\000m\000\040\000O\000b\000s\000e\000r\000v\000a\000t\000i\000o\000n}{chapter.4}% 9
\BOOKMARK [1][-]{section.4.2}{\376\377\000E\000x\000t\000r\000a\000c\000t\000i\000n\000g\000\040\000t\000h\000e\000\040\000P\000o\000w\000e\000r\000\040\000S\000p\000e\000c\000t\000r\000u\000m\000\040\000f\000r\000o\000m\000\040\000T\000h\000e\000o\000r\000y}{chapter.4}% 10
\BOOKMARK [1][-]{section.4.3}{\376\377\000T\000h\000e\000\040\000E\000f\000f\000e\000c\000t\000\040\000o\000f\000\040\000M\000a\000s\000s\000i\000v\000e\000\040\000N\000e\000u\000t\000r\000i\000n\000o\000s}{chapter.4}% 11
\BOOKMARK [0][-]{chapter.5}{\376\377\000T\000h\000e\000\040\000P\000h\000o\000t\000o\000m\000e\000t\000r\000i\000c\000\040\000P\000r\000o\000b\000e}{}% 12
\BOOKMARK [1][-]{section.5.1}{\376\377\000T\000h\000e\000\040\000F\000o\000r\000m\000a\000l\000i\000s\000m\000\040\000o\000f\000\040\000C\000o\000s\000m\000i\000c\000\040\000S\000h\000e\000a\000r\000\040\000O\000b\000s\000e\000r\000v\000a\000t\000i\000o\000n\000s}{chapter.5}% 13
\BOOKMARK [1][-]{section.5.2}{\376\377\000E\000x\000t\000r\000a\000c\000t\000i\000n\000g\000\040\000t\000h\000e\000\040\000C\000o\000v\000a\000r\000i\000a\000n\000c\000e\000\040\000f\000r\000o\000m\000\040\000T\000h\000e\000o\000r\000y}{chapter.5}% 14
\BOOKMARK [1][-]{section.5.3}{\376\377\000T\000h\000e\000\040\000E\000f\000f\000e\000c\000t\000\040\000o\000f\000\040\000M\000a\000s\000s\000i\000v\000e\000\040\000N\000e\000u\000t\000r\000i\000n\000o\000s}{chapter.5}% 15
\BOOKMARK [0][-]{chapter.6}{\376\377\000M\000e\000t\000h\000o\000d\000o\000l\000o\000g\000y}{}% 16
\BOOKMARK [1][-]{section.6.1}{\376\377\000T\000h\000e\000\040\000M\000a\000r\000k\000o\000v\000\040\000C\000h\000a\000i\000n\000\040\000M\000o\000n\000t\000e\000\040\000C\000a\000r\000l\000o\000\040\000M\000e\000t\000h\000o\000d}{chapter.6}% 17
\BOOKMARK [1][-]{section.6.2}{\376\377\000T\000h\000e\000\040\000F\000i\000s\000h\000e\000r\000\040\000I\000n\000f\000o\000r\000m\000a\000t\000i\000o\000n\000\040\000M\000e\000t\000h\000o\000d}{chapter.6}% 18
\BOOKMARK [0][-]{chapter.7}{\376\377\000V\000a\000l\000i\000d\000a\000t\000i\000o\000n\000\040\000o\000f\000\040\000t\000h\000e\000\040\000F\000o\000r\000e\000c\000a\000s\000t\000i\000n\000g\000\040\000P\000i\000p\000e\000l\000i\000n\000e}{}% 19
\BOOKMARK [1][-]{section.7.1}{\376\377\000T\000h\000e\000\040\000E\000i\000n\000s\000t\000e\000i\000n\000-\000B\000o\000l\000z\000m\000a\000n\000n\000\040\000S\000o\000l\000v\000e\000r\000s}{chapter.7}% 20
\BOOKMARK [1][-]{section.7.2}{\376\377\000C\000o\000m\000p\000a\000r\000i\000s\000o\000n\000\040\000o\000f\000\040\000t\000h\000e\000\040\000d\000i\000f\000f\000e\000r\000e\000n\000t\000\040\000F\000i\000s\000h\000e\000r\000\040\000I\000n\000f\000o\000r\000m\000a\000t\000i\000o\000n\000\040\000M\000e\000t\000h\000o\000d\000s}{chapter.7}% 21
\BOOKMARK [1][-]{section.7.3}{\376\377\000T\000h\000e\000\040\000v\000a\000l\000i\000d\000i\000t\000y\000\040\000o\000f\000\040\000t\000h\000e\000\040\000F\000i\000s\000h\000e\000r\000\040\000a\000p\000p\000r\000o\000x\000i\000m\000a\000t\000i\000o\000n}{chapter.7}% 22
\BOOKMARK [1][-]{section.7.4}{\376\377\000B\000i\000a\000s\000\040\000f\000r\000o\000m\000\040\000M\000o\000d\000e\000l\000i\000n\000g}{chapter.7}% 23
\BOOKMARK [0][-]{chapter.8}{\376\377\000R\000e\000s\000u\000l\000t\000s}{}% 24
\BOOKMARK [0][-]{chapter.9}{\376\377\000C\000o\000n\000c\000l\000u\000s\000i\000o\000n}{}% 25
